<?xml version="1.0" encoding="UTF-8"?>
<!-- Generated by org.testng.reporters.JUnitReportReporter -->
<testsuite hostname="DESKTOP-E8CPF4G" failures="0" tests="1" name="com.iris22a.ProductTests" time="23.380" errors="0" timestamp="2022-08-09T21:36:41 IST" skipped="0">
  <testcase classname="com.iris22a.ProductTests" name="VerifySearchResultForPoloMen" time="23.380"/>
  <system-out/>
</testsuite> <!-- com.iris22a.ProductTests -->
